2022-06-12 05:37:38.908 [INFO] {f8929ce8afaef716e8f0e77f7c6a3dc6} Initialize MySQL server successfully 
2022-06-12 05:37:39.097 [FATA] {5caeab04b0aef716eaf0e77f0e7ec400} Connect to Redis server failed, err: Redis Client Do failed with arguments "[SET test test]": ERR illegal address: 125.86.164.146:1746
Stack:
1.  main/boot.RedisSetup
    C:/Users/Stellaris_W/OneDrive - stu.cqupt.edu.cn/桌面/Project/chess/boot/redis.go:12
2.  main.init.0
    C:/Users/Stellaris_W/OneDrive - stu.cqupt.edu.cn/桌面/Project/chess/main.go:13
 
2022-06-12 05:38:25.227 [INFO] {40a60fb5baaef71617b1452ac68b29fa} Initialize MySQL server successfully 
2022-06-12 05:38:25.346 [FATA] {40fe48c9baaef71619b1452a04782d76} Connect to Redis server failed, err: Redis Client Do failed with arguments "[SET test test]": ERR illegal address: 125.86.164.146:1756
Stack:
1.  main/boot.RedisSetup
    C:/Users/Stellaris_W/OneDrive - stu.cqupt.edu.cn/桌面/Project/chess/boot/redis.go:12
2.  main.init.0
    C:/Users/Stellaris_W/OneDrive - stu.cqupt.edu.cn/桌面/Project/chess/main.go:13
 
2022-06-12 05:40:52.867 [INFO] {4851c90cddaef716f0525867799d4b30} Initialize MySQL server successfully 
2022-06-12 05:40:52.979 [FATA] {44feef28ddaef716f2525867a9395c61} Connect to Redis server failed, err: Redis Client Do failed with arguments "[SET test test]": ERR illegal address: 125.86.164.146:1733
Stack:
1.  main/boot.RedisSetup
    C:/Users/Stellaris_W/OneDrive - stu.cqupt.edu.cn/桌面/Project/chess/boot/redis.go:12
2.  main.init.0
    C:/Users/Stellaris_W/OneDrive - stu.cqupt.edu.cn/桌面/Project/chess/main.go:13
 
2022-06-12 05:41:32.125 [INFO] {840dc839e6aef716a19b581c8f98254a} Initialize MySQL server successfully 
2022-06-12 05:41:32.307 [INFO] {a84f5546e6aef716a29b581caa9f2a4a} Initialize Redis instance successfully 
2022-06-12 06:10:57.204 [INFO] {a464e52681b0f7167e66733a1a02aed8} Initialize MySQL server successfully 
2022-06-12 06:10:58.808 [INFO] {a421303d81b0f7167f66733a9e62f890} Initialize Redis instance successfully 
2022-06-12 06:11:34.341 [INFO] {1c62bed489b0f716c37eaa5843c1e40e} Initialize MySQL server successfully 
2022-06-12 06:11:34.520 [INFO] {2c0dd2e289b0f716c47eaa585de97a90} Initialize Redis instance successfully 
2022-06-12 06:11:51.513 [INFO] {1caafdd58db0f7160dd5ba0a013900f9} Initialize MySQL server successfully 
2022-06-12 06:11:51.692 [INFO] {783145e28db0f7160ed5ba0a182d4b74} Initialize Redis instance successfully 
2022-06-12 08:33:12.088 [INFO] {0443455944b8f716db73a42f0e12b9a5} Initialize MySQL server successfully 
2022-06-12 08:33:12.343 [INFO] {08eaf06b44b8f716dc73a42f490a530d} Initialize Redis instance successfully 
2022-06-12 09:07:10.733 [INFO] {106b0abb1ebaf716601d7427a0e9da0e} Initialize MySQL server successfully 
2022-06-12 09:07:11.147 [INFO] {040d24151fbaf716611d742746765988} Initialize Redis instance successfully 
2022-06-12 09:07:44.630 [INFO] {90259ceb26baf71644fa890103cca67c} Initialize MySQL server successfully 
2022-06-12 09:07:44.811 [INFO] {c4b718f926baf71645fa89012271c395} Initialize Redis instance successfully 
2022-06-12 09:15:34.285 [INFO] {809f814294baf71616a8016677fd2378} Initialize MySQL server successfully 
2022-06-12 09:15:34.522 [INFO] {5c35b95294baf71617a801661f6419c7} Initialize Redis instance successfully 
2022-06-12 09:19:20.710 [INFO] {8cfb24b2c8baf716d75f590e8fb415ae} Initialize MySQL server successfully 
2022-06-12 09:19:20.901 [INFO] {9c39b00ac9baf716d85f590e1db5aaa0} Initialize Redis instance successfully 
2022-06-12 09:21:26.838 [INFO] {6cdb5058e6baf7162757c9231fde954e} Initialize MySQL server successfully 
2022-06-12 09:21:27.049 [INFO] {08f98168e6baf7162857c9237474b1f6} Initialize Redis instance successfully 
2022-06-12 09:24:39.786 [INFO] {cc1b3a4713bbf71638e9703049697e80} Initialize MySQL server successfully 
2022-06-12 09:24:39.998 [INFO] {a4b41a5513bbf71639e970308a089651} Initialize Redis instance successfully 
2022-06-12 09:46:33.054 [INFO] {3483e00745bcf716979b8a21c732b516} Initialize MySQL server successfully 
2022-06-12 09:46:33.301 [INFO] {e0d9e91945bcf716989b8a215e8437a0} Initialize Redis instance successfully 
2022-06-12 09:51:07.140 [INFO] {08376ddb84bcf716da52953a1bdf81e9} Initialize MySQL server successfully 
2022-06-12 09:51:07.318 [INFO] {b08abcea84bcf716db52953a02208c38} Initialize Redis instance successfully 
2022-06-12 10:28:42.616 [INFO] {487a31fd91bef716c1e1ef7b7dba693a} Initialize MySQL server successfully 
2022-06-12 10:28:42.831 [INFO] {4cd4a20f92bef716c2e1ef7b8930faab} Initialize Redis instance successfully 
2022-06-12 11:32:53.719 [INFO] {144e526812c2f71605e037008e7486e1} Initialize MySQL server successfully 
2022-06-12 11:32:53.955 [INFO] {982656b712c2f71606e03700eab3bc5b} Initialize Redis instance successfully 
2022-06-12 11:33:12.852 [INFO] {f0e2c5e316c2f716360b923eab157d68} Initialize MySQL server successfully 
2022-06-12 11:33:13.033 [INFO] {7018b42b17c2f716370b923e415b3b2e} Initialize Redis instance successfully 
2022-06-12 11:34:11.313 [INFO] {080953ba24c2f7160ccf2b68879c11e8} Initialize MySQL server successfully 
2022-06-12 11:34:11.520 [INFO] {046434c824c2f7160dcf2b68f6de14c7} Initialize Redis instance successfully 
2022-06-12 11:35:07.972 [INFO] {48329bec31c2f716dccc9f6073d5a5e9} Initialize MySQL server successfully 
2022-06-12 11:35:08.152 [INFO] {88254cf931c2f716ddcc9f60ceda7ecb} Initialize Redis instance successfully 
2022-06-12 11:36:43.448 [INFO] {5c42c81b48c2f716d7a3ee17cc33649f} Initialize MySQL server successfully 
2022-06-12 11:36:43.653 [INFO] {e022233448c2f716d8a3ee174d396057} Initialize Redis instance successfully 
2022-06-12 11:38:01.593 [INFO] {6c861b585ac2f716caf1d5190d6fa43e} Initialize MySQL server successfully 
2022-06-12 11:38:01.813 [INFO] {10ecfe655ac2f716cbf1d51963299ed8} Initialize Redis instance successfully 
2022-06-12 11:38:54.419 [INFO] {10dd22a466c2f716fd1cbd3bd7eea1d2} Initialize MySQL server successfully 
2022-06-12 11:38:54.597 [INFO] {fccea4b266c2f716fe1cbd3b32b52efa} Initialize Redis instance successfully 
2022-06-12 11:41:38.955 [INFO] {d8042bf48cc2f71635f1947ed7c560e2} Initialize MySQL server successfully 
2022-06-12 11:41:39.139 [INFO] {f4bfbe018dc2f71636f1947e360e4b61} Initialize Redis instance successfully 
2022-06-12 11:42:40.683 [INFO] {8c8722539bc2f716b305dd7776ad7858} Initialize MySQL server successfully 
2022-06-12 11:42:40.915 [INFO] {04ba05619bc2f716b405dd77392c8a08} Initialize Redis instance successfully 
2022-06-12 11:44:16.685 [INFO] {c02ab9abb1c2f716ab8b115eac9fd7b9} Initialize MySQL server successfully 
2022-06-12 11:44:16.899 [INFO] {68d92fbbb1c2f716ac8b115e982b5a2e} Initialize Redis instance successfully 
2022-06-12 11:44:48.351 [INFO] {a07214dbb8c2f71604f0bd668f57514b} Initialize MySQL server successfully 
2022-06-12 11:44:48.533 [INFO] {74c3aa1ab9c2f71605f0bd66f0f1a0d4} Initialize Redis instance successfully 
2022-06-12 11:46:52.290 [INFO] {d8ed13e8d5c2f716485d602e6d791b60} Initialize MySQL server successfully 
2022-06-12 11:46:52.427 [INFO] {8080eef5d5c2f716495d602e1430163f} Initialize Redis instance successfully 
